<?xml version="1.0" encoding="UTF-8"?>
<testng-results ignored="0" total="1" passed="1" failed="0" skipped="0">
  <reporter-output>
  </reporter-output>
  <suite started-at="2025-12-15T23:27:12 IST" name="Default suite" finished-at="2025-12-15T23:27:27 IST" duration-ms="14799">
    <groups>
    </groups>
    <test started-at="2025-12-15T23:27:12 IST" name="Default test" finished-at="2025-12-15T23:27:27 IST" duration-ms="14799">
      <class name="com.qa.Tests.LoginAutomation">
        <test-method is-config="true" signature="setup()[pri:0, instance:com.qa.Tests.LoginAutomation@3023df74]" started-at="2025-12-15T23:27:12 IST" name="setup" finished-at="2025-12-15T23:27:16 IST" duration-ms="4223" status="PASS">
          <reporter-output>
          </reporter-output>
        </test-method> <!-- setup -->
        <test-method signature="LoginAndupdateResume()[pri:0, instance:com.qa.Tests.LoginAutomation@3023df74]" started-at="2025-12-15T23:27:16 IST" name="LoginAndupdateResume" finished-at="2025-12-15T23:27:24 IST" duration-ms="7184" status="PASS">
          <reporter-output>
          </reporter-output>
        </test-method> <!-- LoginAndupdateResume -->
        <test-method is-config="true" signature="tearDown()[pri:0, instance:com.qa.Tests.LoginAutomation@3023df74]" started-at="2025-12-15T23:27:24 IST" name="tearDown" finished-at="2025-12-15T23:27:27 IST" duration-ms="3330" status="PASS">
          <reporter-output>
          </reporter-output>
        </test-method> <!-- tearDown -->
      </class> <!-- com.qa.Tests.LoginAutomation -->
    </test> <!-- Default test -->
  </suite> <!-- Default suite -->
</testng-results>
